#
# There is insufficient memory for the Java Runtime Environment to continue.
# pthread_getattr_np
# Possible reasons:
#   The system is out of physical RAM or swap space
#   In 32 bit mode, the process size limit was hit
# Possible solutions:
#   Reduce memory load on the system
#   Increase physical memory or swap space
#   Check if swap backing store is full
#   Use 64 bit Java on a 64 bit OS
#   Decrease Java heap size (-Xmx/-Xms)
#   Decrease number of Java threads
#   Decrease Java thread stack sizes (-Xss)
#   Set larger code cache with -XX:ReservedCodeCacheSize=
# This output file may be truncated or incomplete.
#
#  Out of Memory Error (os_linux_x86.cpp:728), pid=23926, tid=140458713937664
#
# JRE version:  (8.0_74-b02) (build )
# Java VM: Java HotSpot(TM) 64-Bit Server VM (25.74-b02 mixed mode linux-amd64 compressed oops)
# Failed to write core dump. Core dumps have been disabled. To enable core dumping, try "ulimit -c unlimited" before starting Java again
#

---------------  T H R E A D  ---------------

Current thread (0x00007fbf28038000):  GCTaskThread [stack: 0x0000000000000000,0x0000000000000000] [id=23942]

Stack: [0x0000000000000000,0x0000000000000000],  sp=0x00007fbf17bfe8f0,  free space=137166712826k
Native frames: (J=compiled Java code, j=interpreted, Vv=VM code, C=native code)
V  [libjvm.so+0xaba7ea]
V  [libjvm.so+0x4f9e3b]
V  [libjvm.so+0x921b8f]
V  [libjvm.so+0x921bd5]
V  [libjvm.so+0xa61910]
V  [libjvm.so+0x5d448c]
V  [libjvm.so+0x91d9d8]


---------------  P R O C E S S  ---------------

Java Threads: ( => current thread )

Other Threads:

=>0x00007fbf28038000 (exited) GCTaskThread [stack: 0x0000000000000000,0x0000000000000000] [id=23942]

VM state:not at safepoint (not fully initialized)

VM Mutex/Monitor currently owned by a thread: None

GC Heap History (0 events):
No events

Deoptimization events (0 events):
No events

Internal exceptions (0 events):
No events

Events (1 events):
Event: 0.019 loading class java/lang/Object


Dynamic libraries:
00400000-00401000 r-xp 00000000 00:14 31352512                           /software/jdk1.8.0_74/bin/java
00600000-00601000 rw-p 00000000 00:14 31352512                           /software/jdk1.8.0_74/bin/java
00c4a000-00c6b000 rw-p 00000000 00:00 0                                  [heap]
727600000-77cb80000 rw-p 00000000 00:00 0 
77cb80000-78d200000 ---p 00000000 00:00 0 
78d200000-7b7c80000 rw-p 00000000 00:00 0 
7b7c80000-7c0000000 ---p 00000000 00:00 0 
7c0000000-7c0060000 rw-p 00000000 00:00 0 
7c0060000-800000000 ---p 00000000 00:00 0 
7fbed0000000-7fbed0021000 rw-p 00000000 00:00 0 
7fbed0021000-7fbed4000000 ---p 00000000 00:00 0 
7fbedc000000-7fbedc021000 rw-p 00000000 00:00 0 
7fbedc021000-7fbee0000000 ---p 00000000 00:00 0 
7fbee0000000-7fbee0021000 rw-p 00000000 00:00 0 
7fbee0021000-7fbee4000000 ---p 00000000 00:00 0 
7fbee4000000-7fbee4021000 rw-p 00000000 00:00 0 
7fbee4021000-7fbee8000000 ---p 00000000 00:00 0 
7fbee8000000-7fbee8021000 rw-p 00000000 00:00 0 
7fbee8021000-7fbeec000000 ---p 00000000 00:00 0 
7fbeec000000-7fbeec021000 rw-p 00000000 00:00 0 
7fbeec021000-7fbef0000000 ---p 00000000 00:00 0 
7fbef0000000-7fbef0021000 rw-p 00000000 00:00 0 
7fbef0021000-7fbef4000000 ---p 00000000 00:00 0 
7fbef4000000-7fbef4021000 rw-p 00000000 00:00 0 
7fbef4021000-7fbef8000000 ---p 00000000 00:00 0 
7fbef8000000-7fbef8021000 rw-p 00000000 00:00 0 
7fbef8021000-7fbefc000000 ---p 00000000 00:00 0 
7fbefc000000-7fbefc021000 rw-p 00000000 00:00 0 
7fbefc021000-7fbf00000000 ---p 00000000 00:00 0 
7fbf00000000-7fbf00021000 rw-p 00000000 00:00 0 
7fbf00021000-7fbf04000000 ---p 00000000 00:00 0 
7fbf04000000-7fbf04021000 rw-p 00000000 00:00 0 
7fbf04021000-7fbf08000000 ---p 00000000 00:00 0 
7fbf08000000-7fbf08021000 rw-p 00000000 00:00 0 
7fbf08021000-7fbf0c000000 ---p 00000000 00:00 0 
7fbf0c000000-7fbf0c021000 rw-p 00000000 00:00 0 
7fbf0c021000-7fbf10000000 ---p 00000000 00:00 0 
7fbf11738000-7fbf11910000 r--s 03d1d000 00:14 13489143                   /software/jdk1.8.0_74/jre/lib/rt.jar
7fbf11911000-7fbf11de2000 rw-p 00000000 00:00 0 
7fbf11de2000-7fbf121e2000 ---p 00000000 00:00 0 
7fbf121e2000-7fbf172f7000 rw-p 00000000 00:00 0 
7fbf172f7000-7fbf172f8000 ---p 00000000 00:00 0 
7fbf172f8000-7fbf173f8000 rw-p 00000000 00:00 0 
7fbf173f8000-7fbf173f9000 ---p 00000000 00:00 0 
7fbf173f9000-7fbf174f9000 rw-p 00000000 00:00 0 
7fbf174f9000-7fbf174fa000 ---p 00000000 00:00 0 
7fbf174fa000-7fbf175fa000 rw-p 00000000 00:00 0 
7fbf175fa000-7fbf175fb000 ---p 00000000 00:00 0 
7fbf175fb000-7fbf176fb000 rw-p 00000000 00:00 0 
7fbf176fb000-7fbf176fc000 ---p 00000000 00:00 0 
7fbf176fc000-7fbf177fc000 rw-p 00000000 00:00 0 
7fbf177fc000-7fbf177fd000 ---p 00000000 00:00 0 
7fbf177fd000-7fbf178fd000 rw-p 00000000 00:00 0 
7fbf178fd000-7fbf178fe000 ---p 00000000 00:00 0 
7fbf178fe000-7fbf179fe000 rw-p 00000000 00:00 0 
7fbf179fe000-7fbf179ff000 ---p 00000000 00:00 0 
7fbf179ff000-7fbf17aff000 rw-p 00000000 00:00 0 
7fbf17aff000-7fbf17b00000 ---p 00000000 00:00 0 
7fbf17b00000-7fbf17c00000 rw-p 00000000 00:00 0 
7fbf17c00000-7fbf17c01000 ---p 00000000 00:00 0 
7fbf17c01000-7fbf17d01000 rw-p 00000000 00:00 0 
7fbf17d01000-7fbf17d02000 ---p 00000000 00:00 0 
7fbf17d02000-7fbf17e02000 rw-p 00000000 00:00 0 
7fbf17e02000-7fbf17e03000 ---p 00000000 00:00 0 
7fbf17e03000-7fbf17f03000 rw-p 00000000 00:00 0 
7fbf17f03000-7fbf17f04000 ---p 00000000 00:00 0 
7fbf17f04000-7fbf18004000 rw-p 00000000 00:00 0 
7fbf18004000-7fbf18005000 ---p 00000000 00:00 0 
7fbf18005000-7fbf18105000 rw-p 00000000 00:00 0 
7fbf18105000-7fbf18106000 ---p 00000000 00:00 0 
7fbf18106000-7fbf18206000 rw-p 00000000 00:00 0 
7fbf18206000-7fbf18207000 ---p 00000000 00:00 0 
7fbf18207000-7fbf18307000 rw-p 00000000 00:00 0 
7fbf18307000-7fbf18308000 ---p 00000000 00:00 0 
7fbf18308000-7fbf18408000 rw-p 00000000 00:00 0 
7fbf18408000-7fbf18409000 ---p 00000000 00:00 0 
7fbf18409000-7fbf18509000 rw-p 00000000 00:00 0 
7fbf18509000-7fbf1850a000 ---p 00000000 00:00 0 
7fbf1850a000-7fbf1860a000 rw-p 00000000 00:00 0 
7fbf1860a000-7fbf1860b000 ---p 00000000 00:00 0 
7fbf1860b000-7fbf1870b000 rw-p 00000000 00:00 0 
7fbf1870b000-7fbf1870c000 ---p 00000000 00:00 0 
7fbf1870c000-7fbf18ab7000 rw-p 00000000 00:00 0 
7fbf18ab7000-7fbf18b3a000 ---p 00000000 00:00 0 
7fbf18b3a000-7fbf18de5000 rw-p 00000000 00:00 0 
7fbf18de5000-7fbf18e68000 ---p 00000000 00:00 0 
7fbf18e68000-7fbf18fbe000 rw-p 00000000 00:00 0 
7fbf18fbe000-7fbf18fff000 ---p 00000000 00:00 0 
7fbf18fff000-7fbf19000000 rw-p 00000000 00:00 0 
7fbf19000000-7fbf19270000 rwxp 00000000 00:00 0 
7fbf19270000-7fbf28000000 ---p 00000000 00:00 0 
7fbf28000000-7fbf280ad000 rw-p 00000000 00:00 0 
7fbf280ad000-7fbf2c000000 ---p 00000000 00:00 0 
7fbf2c01e000-7fbf2c01f000 ---p 00000000 00:00 0 
7fbf2c01f000-7fbf2c11f000 rw-p 00000000 00:00 0 
7fbf2c11f000-7fbf2c120000 ---p 00000000 00:00 0 
7fbf2c120000-7fbf2c22a000 rw-p 00000000 00:00 0 
7fbf2c22a000-7fbf2c5e0000 ---p 00000000 00:00 0 
7fbf2c5e0000-7fbf2c5fa000 r-xp 00000000 00:14 11204435                   /software/jdk1.8.0_74/jre/lib/amd64/libzip.so
7fbf2c5fa000-7fbf2c7fa000 ---p 0001a000 00:14 11204435                   /software/jdk1.8.0_74/jre/lib/amd64/libzip.so
7fbf2c7fa000-7fbf2c7fb000 rw-p 0001a000 00:14 11204435                   /software/jdk1.8.0_74/jre/lib/amd64/libzip.so
7fbf2c800000-7fbf2c806000 r-xp 00000000 08:06 125830199                  /lib/x86_64-linux-gnu/libnss_sss.so.2
7fbf2c806000-7fbf2ca05000 ---p 00006000 08:06 125830199                  /lib/x86_64-linux-gnu/libnss_sss.so.2
7fbf2ca05000-7fbf2ca06000 r--p 00005000 08:06 125830199                  /lib/x86_64-linux-gnu/libnss_sss.so.2
7fbf2ca06000-7fbf2ca07000 rw-p 00006000 08:06 125830199                  /lib/x86_64-linux-gnu/libnss_sss.so.2
7fbf2ca08000-7fbf2ca13000 r-xp 00000000 08:06 125897775                  /lib/x86_64-linux-gnu/libnss_files-2.15.so
7fbf2ca13000-7fbf2cc12000 ---p 0000b000 08:06 125897775                  /lib/x86_64-linux-gnu/libnss_files-2.15.so
7fbf2cc12000-7fbf2cc13000 r--p 0000a000 08:06 125897775                  /lib/x86_64-linux-gnu/libnss_files-2.15.so
7fbf2cc13000-7fbf2cc14000 rw-p 0000b000 08:06 125897775                  /lib/x86_64-linux-gnu/libnss_files-2.15.so
7fbf2cc18000-7fbf2cc22000 r-xp 00000000 08:06 125873936                  /lib/x86_64-linux-gnu/libnss_nis-2.15.so
7fbf2cc22000-7fbf2ce22000 ---p 0000a000 08:06 125873936                  /lib/x86_64-linux-gnu/libnss_nis-2.15.so
7fbf2ce22000-7fbf2ce23000 r--p 0000a000 08:06 125873936                  /lib/x86_64-linux-gnu/libnss_nis-2.15.so
7fbf2ce23000-7fbf2ce24000 rw-p 0000b000 08:06 125873936                  /lib/x86_64-linux-gnu/libnss_nis-2.15.so
7fbf2ce28000-7fbf2ce3f000 r-xp 00000000 08:06 125897763                  /lib/x86_64-linux-gnu/libnsl-2.15.so
7fbf2ce3f000-7fbf2d03e000 ---p 00017000 08:06 125897763                  /lib/x86_64-linux-gnu/libnsl-2.15.so
7fbf2d03e000-7fbf2d03f000 r--p 00016000 08:06 125897763                  /lib/x86_64-linux-gnu/libnsl-2.15.so
7fbf2d03f000-7fbf2d040000 rw-p 00017000 08:06 125897763                  /lib/x86_64-linux-gnu/libnsl-2.15.so
7fbf2d040000-7fbf2d042000 rw-p 00000000 00:00 0 
7fbf2d048000-7fbf2d050000 r-xp 00000000 08:06 125897773                  /lib/x86_64-linux-gnu/libnss_compat-2.15.so
7fbf2d050000-7fbf2d24f000 ---p 00008000 08:06 125897773                  /lib/x86_64-linux-gnu/libnss_compat-2.15.so
7fbf2d24f000-7fbf2d250000 r--p 00007000 08:06 125897773                  /lib/x86_64-linux-gnu/libnss_compat-2.15.so
7fbf2d250000-7fbf2d251000 rw-p 00008000 08:06 125897773                  /lib/x86_64-linux-gnu/libnss_compat-2.15.so
7fbf2d258000-7fbf2d282000 r-xp 00000000 00:14 23185331                   /software/jdk1.8.0_74/jre/lib/amd64/libjava.so
7fbf2d282000-7fbf2d482000 ---p 0002a000 00:14 23185331                   /software/jdk1.8.0_74/jre/lib/amd64/libjava.so
7fbf2d482000-7fbf2d484000 rw-p 0002a000 00:14 23185331                   /software/jdk1.8.0_74/jre/lib/amd64/libjava.so
7fbf2d488000-7fbf2d495000 r-xp 00000000 00:14 13489152                   /software/jdk1.8.0_74/jre/lib/amd64/libverify.so
7fbf2d495000-7fbf2d695000 ---p 0000d000 00:14 13489152                   /software/jdk1.8.0_74/jre/lib/amd64/libverify.so
7fbf2d695000-7fbf2d697000 rw-p 0000d000 00:14 13489152                   /software/jdk1.8.0_74/jre/lib/amd64/libverify.so
7fbf2d698000-7fbf2d69f000 r-xp 00000000 08:06 125873938                  /lib/x86_64-linux-gnu/librt-2.15.so
7fbf2d69f000-7fbf2d89e000 ---p 00007000 08:06 125873938                  /lib/x86_64-linux-gnu/librt-2.15.so
7fbf2d89e000-7fbf2d89f000 r--p 00006000 08:06 125873938                  /lib/x86_64-linux-gnu/librt-2.15.so
7fbf2d89f000-7fbf2d8a0000 rw-p 00007000 08:06 125873938                  /lib/x86_64-linux-gnu/librt-2.15.so
7fbf2d8a0000-7fbf2d99b000 r-xp 00000000 08:06 125897777                  /lib/x86_64-linux-gnu/libm-2.15.so
7fbf2d99b000-7fbf2db9a000 ---p 000fb000 08:06 125897777                  /lib/x86_64-linux-gnu/libm-2.15.so
7fbf2db9a000-7fbf2db9b000 r--p 000fa000 08:06 125897777                  /lib/x86_64-linux-gnu/libm-2.15.so
7fbf2db9b000-7fbf2db9c000 rw-p 000fb000 08:06 125897777                  /lib/x86_64-linux-gnu/libm-2.15.so
7fbf2dba0000-7fbf2e85f000 r-xp 00000000 00:14 23185335                   /software/jdk1.8.0_74/jre/lib/amd64/server/libjvm.so
7fbf2e85f000-7fbf2ea5e000 ---p 00cbf000 00:14 23185335                   /software/jdk1.8.0_74/jre/lib/amd64/server/libjvm.so
7fbf2ea5e000-7fbf2eb37000 rw-p 00cbe000 00:14 23185335                   /software/jdk1.8.0_74/jre/lib/amd64/server/libjvm.so
7fbf2eb37000-7fbf2eb80000 rw-p 00000000 00:00 0 
7fbf2eb80000-7fbf2ed34000 r-xp 00000000 08:06 125897759                  /lib/x86_64-linux-gnu/libc-2.15.so
7fbf2ed34000-7fbf2ef33000 ---p 001b4000 08:06 125897759                  /lib/x86_64-linux-gnu/libc-2.15.so
7fbf2ef33000-7fbf2ef37000 r--p 001b3000 08:06 125897759                  /lib/x86_64-linux-gnu/libc-2.15.so
7fbf2ef37000-7fbf2ef39000 rw-p 001b7000 08:06 125897759                  /lib/x86_64-linux-gnu/libc-2.15.so
7fbf2ef39000-7fbf2ef3e000 rw-p 00000000 00:00 0 
7fbf2ef40000-7fbf2ef42000 r-xp 00000000 08:06 125873935                  /lib/x86_64-linux-gnu/libdl-2.15.so
7fbf2ef42000-7fbf2f142000 ---p 00002000 08:06 125873935                  /lib/x86_64-linux-gnu/libdl-2.15.so
7fbf2f142000-7fbf2f143000 r--p 00002000 08:06 125873935                  /lib/x86_64-linux-gnu/libdl-2.15.so
7fbf2f143000-7fbf2f144000 rw-p 00003000 08:06 125873935                  /lib/x86_64-linux-gnu/libdl-2.15.so
7fbf2f148000-7fbf2f15d000 r-xp 00000000 00:14 22055319                   /software/jdk1.8.0_74/lib/amd64/jli/libjli.so
7fbf2f15d000-7fbf2f35d000 ---p 00015000 00:14 22055319                   /software/jdk1.8.0_74/lib/amd64/jli/libjli.so
7fbf2f35d000-7fbf2f35e000 rw-p 00015000 00:14 22055319                   /software/jdk1.8.0_74/lib/amd64/jli/libjli.so
7fbf2f360000-7fbf2f378000 r-xp 00000000 08:06 125897765                  /lib/x86_64-linux-gnu/libpthread-2.15.so
7fbf2f378000-7fbf2f577000 ---p 00018000 08:06 125897765                  /lib/x86_64-linux-gnu/libpthread-2.15.so
7fbf2f577000-7fbf2f578000 r--p 00017000 08:06 125897765                  /lib/x86_64-linux-gnu/libpthread-2.15.so
7fbf2f578000-7fbf2f579000 rw-p 00018000 08:06 125897765                  /lib/x86_64-linux-gnu/libpthread-2.15.so
7fbf2f579000-7fbf2f57d000 rw-p 00000000 00:00 0 
7fbf2f57f000-7fbf2f580000 rw-p 00000000 00:00 0 
7fbf2f580000-7fbf2f5a2000 r-xp 00000000 08:06 125897771                  /lib/x86_64-linux-gnu/ld-2.15.so
7fbf2f611000-7fbf2f690000 rw-p 00000000 00:00 0 
7fbf2f690000-7fbf2f698000 rw-s 00000000 08:07 1744831579                 /tmp/hsperfdata_ma18/23926
7fbf2f69b000-7fbf2f69c000 rw-p 00000000 00:00 0 
7fbf2f69c000-7fbf2f69d000 r--p 00000000 00:00 0 
7fbf2f69d000-7fbf2f6a0000 ---p 00000000 00:00 0 
7fbf2f6a0000-7fbf2f7a2000 rw-p 00000000 00:00 0 
7fbf2f7a2000-7fbf2f7a3000 r--p 00022000 08:06 125897771                  /lib/x86_64-linux-gnu/ld-2.15.so
7fbf2f7a3000-7fbf2f7a5000 rw-p 00023000 08:06 125897771                  /lib/x86_64-linux-gnu/ld-2.15.so
7fbf2f7a5000-7fbf2f7a6000 rw-p 00000000 00:00 0 
7ffc0793a000-7ffc0795b000 rw-p 00000000 00:00 0                          [stack]
7ffc07978000-7ffc07979000 r-xp 00000000 00:00 0                          [vdso]
ffffffffff600000-ffffffffff601000 r-xp 00000000 00:00 0                  [vsyscall]

VM Arguments:
java_command: /nfs/users/nfs_m/ma18/src/gatk/GenomeAnalysisTK.jar -R ../sequences/reference.fa -T UnifiedGenotyper -I ../sequences/seq_000.sort.rmdup.bam -I ../sequences/seq_001.sort.rmdup.bam -I ../sequences/seq_002.sort.rmdup.bam -I ../sequences/seq_003.sort.rmdup.bam -I ../sequences/seq_004.sort.rmdup.bam -I ../sequences/seq_005.sort.rmdup.bam -I ../sequences/seq_006.sort.rmdup.bam -I ../sequences/seq_007.sort.rmdup.bam -I ../sequences/seq_008.sort.rmdup.bam -I ../sequences/seq_009.sort.rmdup.bam -o /dev/null -stand_call_conf 5
java_class_path (initial): /nfs/users/nfs_m/ma18/src/gatk/GenomeAnalysisTK.jar
Launcher Type: SUN_STANDARD

Environment Variables:
PATH=/nfs/users/nfs_m/ma18/bin:/software/jdk1.8.0_74/bin:/usr/local/lsf/9.1/linux2.6-glibc2.3-x86_64/etc:/usr/local/lsf/9.1/linux2.6-glibc2.3-x86_64/bin:/usr/local/sbin:/usr/local/bin:/usr/sbin:/usr/bin:/sbin:/bin:/usr/games:/software/bin
LD_LIBRARY_PATH=/usr/local/lsf/9.1/linux2.6-glibc2.3-x86_64/lib:/nfs/users/nfs_m/ma18/src/htslib
SHELL=/bin/bash

Signal Handlers:
SIGSEGV: [libjvm.so+0xabb070], sa_mask[0]=11111111011111111101111111111110, sa_flags=SA_RESTART|SA_SIGINFO
SIGBUS: [libjvm.so+0xabb070], sa_mask[0]=11111111011111111101111111111110, sa_flags=SA_RESTART|SA_SIGINFO
SIGFPE: [libjvm.so+0x918480], sa_mask[0]=11111111011111111101111111111110, sa_flags=SA_RESTART|SA_SIGINFO
SIGPIPE: [libjvm.so+0x918480], sa_mask[0]=11111111011111111101111111111110, sa_flags=SA_RESTART|SA_SIGINFO
SIGXFSZ: [libjvm.so+0x918480], sa_mask[0]=11111111011111111101111111111110, sa_flags=SA_RESTART|SA_SIGINFO
SIGILL: [libjvm.so+0x918480], sa_mask[0]=11111111011111111101111111111110, sa_flags=SA_RESTART|SA_SIGINFO
SIGUSR1: SIG_DFL, sa_mask[0]=00000000000000000000000000000000, sa_flags=none
SIGUSR2: [libjvm.so+0x919ab0], sa_mask[0]=00000000000000000000000000000000, sa_flags=SA_RESTART|SA_SIGINFO
SIGHUP: SIG_DFL, sa_mask[0]=00000000000000000000000000000000, sa_flags=none
SIGINT: SIG_DFL, sa_mask[0]=00000000000000000000000000000000, sa_flags=none
SIGTERM: SIG_DFL, sa_mask[0]=00000000000000000000000000000000, sa_flags=none
SIGQUIT: SIG_DFL, sa_mask[0]=00000000000000000000000000000000, sa_flags=none


---------------  S Y S T E M  ---------------

OS:DISTRIB_ID=Ubuntu
DISTRIB_RELEASE=12.04
DISTRIB_CODENAME=precise
DISTRIB_DESCRIPTION="Ubuntu 12.04.5 LTS"

uname:Linux 3.2.0-105-generic #146-Ubuntu SMP Fri Jun 10 20:10:44 UTC 2016 x86_64
libc:glibc 2.15 NPTL 2.15 
rlimit: STACK 8192k, CORE 0k, NPROC 2062660, NOFILE 131072, AS 5000000k
load average:5.29 4.82 4.44

/proc/meminfo:
MemTotal:       264041624 kB
MemFree:        190222000 kB
Buffers:             792 kB
Cached:         43619680 kB
SwapCached:         3140 kB
Active:         14186220 kB
Inactive:       36313208 kB
Active(anon):    5940328 kB
Inactive(anon):   943952 kB
Active(file):    8245892 kB
Inactive(file): 35369256 kB
Unevictable:       18756 kB
Mlocked:           18756 kB
SwapTotal:       4194300 kB
SwapFree:        4160984 kB
Dirty:                68 kB
Writeback:             0 kB
AnonPages:       6893424 kB
Mapped:           153720 kB
Shmem:               904 kB
Slab:           17339436 kB
SReclaimable:    1718476 kB
SUnreclaim:     15620960 kB
KernelStack:       10280 kB
PageTables:        68652 kB
NFS_Unstable:          0 kB
Bounce:                0 kB
WritebackTmp:          0 kB
CommitLimit:    136215112 kB
Committed_AS:   10366744 kB
VmallocTotal:   34359738367 kB
VmallocUsed:     3625200 kB
VmallocChunk:   34153750172 kB
HardwareCorrupted:     0 kB
AnonHugePages:         0 kB
HugePages_Total:       0
HugePages_Free:        0
HugePages_Rsvd:        0
HugePages_Surp:        0
Hugepagesize:       2048 kB
DirectMap4k:      118644 kB
DirectMap2M:     7170048 kB
DirectMap1G:    261095424 kB


CPU:total 32 (16 cores per cpu, 1 threads per core) family 21 model 2 stepping 0, cmov, cx8, fxsr, mmx, sse, sse2, sse3, ssse3, sse4.1, sse4.2, popcnt, avx, aes, clmul, mmxext, 3dnowpref, lzcnt, sse4a, tsc, tscinvbit, tscinv, bmi1

/proc/cpuinfo:
processor	: 0
vendor_id	: AuthenticAMD
cpu family	: 21
model		: 2
model name	: AMD Opteron(tm) Processor 6378                 
stepping	: 0
microcode	: 0x6000832
cpu MHz		: 2400.025
cache size	: 2048 KB
physical id	: 0
siblings	: 16
core id		: 0
cpu cores	: 8
apicid		: 32
initial apicid	: 0
fpu		: yes
fpu_exception	: yes
cpuid level	: 13
wp		: yes
flags		: fpu vme de pse tsc msr pae mce cx8 apic sep mtrr pge mca cmov pat pse36 clflush mmx fxsr sse sse2 ht syscall nx mmxext fxsr_opt pdpe1gb rdtscp lm constant_tsc rep_good nopl nonstop_tsc extd_apicid amd_dcm aperfmperf pni pclmulqdq monitor ssse3 fma cx16 sse4_1 sse4_2 popcnt aes xsave avx f16c lahf_lm cmp_legacy svm extapic cr8_legacy abm sse4a misalignsse 3dnowprefetch osvw ibs xop skinit wdt lwp fma4 tce nodeid_msr tbm topoext perfctr_core arat cpb npt lbrv svm_lock nrip_save tsc_scale vmcb_clean flushbyasid decodeassists pausefilter pfthreshold vmmcall bmi1
bogomips	: 4800.05
TLB size	: 1536 4K pages
clflush size	: 64
cache_alignment	: 64
address sizes	: 48 bits physical, 48 bits virtual
power management: ts ttp tm 100mhzsteps hwpstate cpb eff_freq_ro

processor	: 1
vendor_id	: AuthenticAMD
cpu family	: 21
model		: 2
model name	: AMD Opteron(tm) Processor 6378                 
stepping	: 0
microcode	: 0x6000832
cpu MHz		: 2400.025
cache size	: 2048 KB
physical id	: 1
siblings	: 16
core id		: 0
cpu cores	: 8
apicid		: 64
initial apicid	: 32
fpu		: yes
fpu_exception	: yes
cpuid level	: 13
wp		: yes
flags		: fpu vme de pse tsc msr pae mce cx8 apic sep mtrr pge mca cmov pat pse36 clflush mmx fxsr sse sse2 ht syscall nx mmxext fxsr_opt pdpe1gb rdtscp lm constant_tsc rep_good nopl nonstop_tsc extd_apicid amd_dcm aperfmperf pni pclmulqdq monitor ssse3 fma cx16 sse4_1 sse4_2 popcnt aes xsave avx f16c lahf_lm cmp_legacy svm extapic cr8_legacy abm sse4a misalignsse 3dnowprefetch osvw ibs xop skinit wdt lwp fma4 tce nodeid_msr tbm topoext perfctr_core arat cpb npt lbrv svm_lock nrip_save tsc_scale vmcb_clean flushbyasid decodeassists pausefilter pfthreshold vmmcall bmi1
bogomips	: 4799.96
TLB size	: 1536 4K pages
clflush size	: 64
cache_alignment	: 64
address sizes	: 48 bits physical, 48 bits virtual
power management: ts ttp tm 100mhzsteps hwpstate cpb eff_freq_ro

processor	: 2
vendor_id	: AuthenticAMD
cpu family	: 21
model		: 2
model name	: AMD Opteron(tm) Processor 6378                 
stepping	: 0
microcode	: 0x6000832
cpu MHz		: 2400.025
cache size	: 2048 KB
physical id	: 0
siblings	: 16
core id		: 1
cpu cores	: 8
apicid		: 33
initial apicid	: 1
fpu		: yes
fpu_exception	: yes
cpuid level	: 13
wp		: yes
flags		: fpu vme de pse tsc msr pae mce cx8 apic sep mtrr pge mca cmov pat pse36 clflush mmx fxsr sse sse2 ht syscall nx mmxext fxsr_opt pdpe1gb rdtscp lm constant_tsc rep_good nopl nonstop_tsc extd_apicid amd_dcm aperfmperf pni pclmulqdq monitor ssse3 fma cx16 sse4_1 sse4_2 popcnt aes xsave avx f16c lahf_lm cmp_legacy svm extapic cr8_legacy abm sse4a misalignsse 3dnowprefetch osvw ibs xop skinit wdt lwp fma4 tce nodeid_msr tbm topoext perfctr_core arat cpb npt lbrv svm_lock nrip_save tsc_scale vmcb_clean flushbyasid decodeassists pausefilter pfthreshold vmmcall bmi1
bogomips	: 4799.90
TLB size	: 1536 4K pages
clflush size	: 64
cache_alignment	: 64
address sizes	: 48 bits physical, 48 bits virtual
power management: ts ttp tm 100mhzsteps hwpstate cpb eff_freq_ro

processor	: 3
vendor_id	: AuthenticAMD
cpu family	: 21
model		: 2
model name	: AMD Opteron(tm) Processor 6378                 
stepping	: 0
microcode	: 0x6000832
cpu MHz		: 2400.025
cache size	: 2048 KB
physical id	: 1
siblings	: 16
core id		: 1
cpu cores	: 8
apicid		: 65
initial apicid	: 33
fpu		: yes
fpu_exception	: yes
cpuid level	: 13
wp		: yes
flags		: fpu vme de pse tsc msr pae mce cx8 apic sep mtrr pge mca cmov pat pse36 clflush mmx fxsr sse sse2 ht syscall nx mmxext fxsr_opt pdpe1gb rdtscp lm constant_tsc rep_good nopl nonstop_tsc extd_apicid amd_dcm aperfmperf pni pclmulqdq monitor ssse3 fma cx16 sse4_1 sse4_2 popcnt aes xsave avx f16c lahf_lm cmp_legacy svm extapic cr8_legacy abm sse4a misalignsse 3dnowprefetch osvw ibs xop skinit wdt lwp fma4 tce nodeid_msr tbm topoext perfctr_core arat cpb npt lbrv svm_lock nrip_save tsc_scale vmcb_clean flushbyasid decodeassists pausefilter pfthreshold vmmcall bmi1
bogomips	: 4799.95
TLB size	: 1536 4K pages
clflush size	: 64
cache_alignment	: 64
address sizes	: 48 bits physical, 48 bits virtual
power management: ts ttp tm 100mhzsteps hwpstate cpb eff_freq_ro

processor	: 4
vendor_id	: AuthenticAMD
cpu family	: 21
model		: 2
model name	: AMD Opteron(tm) Processor 6378                 
stepping	: 0
microcode	: 0x6000832
cpu MHz		: 2400.025
cache size	: 2048 KB
physical id	: 0
siblings	: 16
core id		: 2
cpu cores	: 8
apicid		: 34
initial apicid	: 2
fpu		: yes
fpu_exception	: yes
cpuid level	: 13
wp		: yes
flags		: fpu vme de pse tsc msr pae mce cx8 apic sep mtrr pge mca cmov pat pse36 clflush mmx fxsr sse sse2 ht syscall nx mmxext fxsr_opt pdpe1gb rdtscp lm constant_tsc rep_good nopl nonstop_tsc extd_apicid amd_dcm aperfmperf pni pclmulqdq monitor ssse3 fma cx16 sse4_1 sse4_2 popcnt aes xsave avx f16c lahf_lm cmp_legacy svm extapic cr8_legacy abm sse4a misalignsse 3dnowprefetch osvw ibs xop skinit wdt lwp fma4 tce nodeid_msr tbm topoext perfctr_core arat cpb npt lbrv svm_lock nrip_save tsc_scale vmcb_clean flushbyasid decodeassists pausefilter pfthreshold vmmcall bmi1
bogomips	: 4799.93
TLB size	: 1536 4K pages
clflush size	: 64
cache_alignment	: 64
address sizes	: 48 bits physical, 48 bits virtual
power management: ts ttp tm 100mhzsteps hwpstate cpb eff_freq_ro

processor	: 5
vendor_id	: AuthenticAMD
cpu family	: 21
model		: 2
model name	: AMD Opteron(tm) Processor 6378                 
stepping	: 0
microcode	: 0x6000832
cpu MHz		: 2400.025
cache size	: 2048 KB
physical id	: 1
siblings	: 16
core id		: 2
cpu cores	: 8
apicid		: 66
initial apicid	: 34
fpu		: yes
fpu_exception	: yes
cpuid level	: 13
wp		: yes
flags		: fpu vme de pse tsc msr pae mce cx8 apic sep mtrr pge mca cmov pat pse36 clflush mmx fxsr sse sse2 ht syscall nx mmxext fxsr_opt pdpe1gb rdtscp lm constant_tsc rep_good nopl nonstop_tsc extd_apicid amd_dcm aperfmperf pni pclmulqdq monitor ssse3 fma cx16 sse4_1 sse4_2 popcnt aes xsave avx f16c lahf_lm cmp_legacy svm extapic cr8_legacy abm sse4a misalignsse 3dnowprefetch osvw ibs xop skinit wdt lwp fma4 tce nodeid_msr tbm topoext perfctr_core arat cpb npt lbrv svm_lock nrip_save tsc_scale vmcb_clean flushbyasid decodeassists pausefilter pfthreshold vmmcall bmi1
bogomips	: 4799.94
TLB size	: 1536 4K pages
clflush size	: 64
cache_alignment	: 64
address sizes	: 48 bits physical, 48 bits virtual
power management: ts ttp tm 100mhzsteps hwpstate cpb eff_freq_ro

processor	: 6
vendor_id	: AuthenticAMD
cpu family	: 21
model		: 2
model name	: AMD Opteron(tm) Processor 6378                 
stepping	: 0
microcode	: 0x6000832
cpu MHz		: 2400.025
cache size	: 2048 KB
physical id	: 0
siblings	: 16
core id		: 3
cpu cores	: 8
apicid		: 35
initial apicid	: 3
fpu		: yes
fpu_exception	: yes
cpuid level	: 13
wp		: yes
flags		: fpu vme de pse tsc msr pae mce cx8 apic sep mtrr pge mca cmov pat pse36 clflush mmx fxsr sse sse2 ht syscall nx mmxext fxsr_opt pdpe1gb rdtscp lm constant_tsc rep_good nopl nonstop_tsc extd_apicid amd_dcm aperfmperf pni pclmulqdq monitor ssse3 fma cx16 sse4_1 sse4_2 popcnt aes xsave avx f16c lahf_lm cmp_legacy svm extapic cr8_legacy abm sse4a misalignsse 3dnowprefetch osvw ibs xop skinit wdt lwp fma4 tce nodeid_msr tbm topoext perfctr_core arat cpb npt lbrv svm_lock nrip_save tsc_scale vmcb_clean flushbyasid decodeassists pausefilter pfthreshold vmmcall bmi1
bogomips	: 4799.94
TLB size	: 1536 4K pages
clflush size	: 64
cache_alignment	: 64
address sizes	: 48 bits physical, 48 bits virtual
power management: ts ttp tm 100mhzsteps hwpstate cpb eff_freq_ro

processor	: 7
vendor_id	: AuthenticAMD
cpu family	: 21
model		: 2
model name	: AMD Opteron(tm) Processor 6378                 
stepping	: 0
microcode	: 0x6000832
cpu MHz		: 2400.025
cache size	: 2048 KB
physical id	: 1
siblings	: 16
core id		: 3
cpu cores	: 8
apicid		: 67
initial apicid	: 35
fpu		: yes
fpu_exception	: yes
cpuid level	: 13
wp		: yes
flags		: fpu vme de pse tsc msr pae mce cx8 apic sep mtrr pge mca cmov pat pse36 clflush mmx fxsr sse sse2 ht syscall nx mmxext fxsr_opt pdpe1gb rdtscp lm constant_tsc rep_good nopl nonstop_tsc extd_apicid amd_dcm aperfmperf pni pclmulqdq monitor ssse3 fma cx16 sse4_1 sse4_2 popcnt aes xsave avx f16c lahf_lm cmp_legacy svm extapic cr8_legacy abm sse4a misalignsse 3dnowprefetch osvw ibs xop skinit wdt lwp fma4 tce nodeid_msr tbm topoext perfctr_core arat cpb npt lbrv svm_lock nrip_save tsc_scale vmcb_clean flushbyasid decodeassists pausefilter pfthreshold vmmcall bmi1
bogomips	: 4799.94
TLB size	: 1536 4K pages
clflush size	: 64
cache_alignment	: 64
address sizes	: 48 bits physical, 48 bits virtual
power management: ts ttp tm 100mhzsteps hwpstate cpb eff_freq_ro

processor	: 8
vendor_id	: AuthenticAMD
cpu family	: 21
model		: 2
model name	: AMD Opteron(tm) Processor 6378                 
stepping	: 0
microcode	: 0x6000832
cpu MHz		: 2400.025
cache size	: 2048 KB
physical id	: 0
siblings	: 16
core id		: 4
cpu cores	: 8
apicid		: 36
initial apicid	: 4
fpu		: yes
fpu_exception	: yes
cpuid level	: 13
wp		: yes
flags		: fpu vme de pse tsc msr pae mce cx8 apic sep mtrr pge mca cmov pat pse36 clflush mmx fxsr sse sse2 ht syscall nx mmxext fxsr_opt pdpe1gb rdtscp lm constant_tsc rep_good nopl nonstop_tsc extd_apicid amd_dcm aperfmperf pni pclmulqdq monitor ssse3 fma cx16 sse4_1 sse4_2 popcnt aes xsave avx f16c lahf_lm cmp_legacy svm extapic cr8_legacy abm sse4a misalignsse 3dnowprefetch osvw ibs xop skinit wdt lwp fma4 tce nodeid_msr tbm topoext perfctr_core arat cpb npt lbrv svm_lock nrip_save tsc_scale vmcb_clean flushbyasid decodeassists pausefilter pfthreshold vmmcall bmi1
bogomips	: 4799.93
TLB size	: 1536 4K pages
clflush size	: 64
cache_alignment	: 64
address sizes	: 48 bits physical, 48 bits virtual
power management: ts ttp tm 100mhzsteps hwpstate cpb eff_freq_ro

processor	: 9
vendor_id	: AuthenticAMD
cpu family	: 21
model		: 2
model name	: AMD Opteron(tm) Processor 6378                 
stepping	: 0
microcode	: 0x6000832
cpu MHz		: 2400.025
cache size	: 2048 KB
physical id	: 1
siblings	: 16
core id		: 4
cpu cores	: 8
apicid		: 68
initial apicid	: 36
fpu		: yes
fpu_exception	: yes
cpuid level	: 13
wp		: yes
flags		: fpu vme de pse tsc msr pae mce cx8 apic sep mtrr pge mca cmov pat pse36 clflush mmx fxsr sse sse2 ht syscall nx mmxext fxsr_opt pdpe1gb rdtscp lm constant_tsc rep_good nopl nonstop_tsc extd_apicid amd_dcm aperfmperf pni pclmulqdq monitor ssse3 fma cx16 sse4_1 sse4_2 popcnt aes xsave avx f16c lahf_lm cmp_legacy svm extapic cr8_legacy abm sse4a misalignsse 3dnowprefetch osvw ibs xop skinit wdt lwp fma4 tce nodeid_msr tbm topoext perfctr_core arat cpb npt lbrv svm_lock nrip_save tsc_scale vmcb_clean flushbyasid decodeassists pausefilter pfthreshold vmmcall bmi1
bogomips	: 4799.94
TLB size	: 1536 4K pages
clflush size	: 64
cache_alignment	: 64
address sizes	: 48 bits physical, 48 bits virtual
power management: ts ttp tm 100mhzsteps hwpstate cpb eff_freq_ro

processor	: 10
vendor_id	: AuthenticAMD
cpu family	: 21
model		: 2
model name	: AMD Opteron(tm) Processor 6378                 
stepping	: 0
microcode	: 0x6000832
cpu MHz		: 2400.025
cache size	: 2048 KB
physical id	: 0
siblings	: 16
core id		: 5
cpu cores	: 8
apicid		: 37
initial apicid	: 5
fpu		: yes
fpu_exception	: yes
cpuid level	: 13
wp		: yes
flags		: fpu vme de pse tsc msr pae mce cx8 apic sep mtrr pge mca cmov pat pse36 clflush mmx fxsr sse sse2 ht syscall nx mmxext fxsr_opt pdpe1gb rdtscp lm constant_tsc rep_good nopl nonstop_tsc extd_apicid amd_dcm aperfmperf pni pclmulqdq monitor ssse3 fma cx16 sse4_1 sse4_2 popcnt aes xsave avx f16c lahf_lm cmp_legacy svm extapic cr8_legacy abm sse4a misalignsse 3dnowprefetch osvw ibs xop skinit wdt lwp fma4 tce nodeid_msr tbm topoext perfctr_core arat cpb npt lbrv svm_lock nrip_save tsc_scale vmcb_clean flushbyasid decodeassists pausefilter pfthreshold vmmcall bmi1
bogomips	: 4799.94
TLB size	: 1536 4K pages
clflush size	: 64
cache_alignment	: 64
address sizes	: 48 bits physical, 48 bits virtual
power management: ts ttp tm 100mhzsteps hwpstate cpb eff_freq_ro

processor	: 11
vendor_id	: AuthenticAMD
cpu family	: 21
model		: 2
model name	: AMD Opteron(tm) Processor 6378                 
stepping	: 0
microcode	: 0x6000832
cpu MHz		: 2400.025
cache size	: 2048 KB
physical id	: 1
siblings	: 16
core id		: 5
cpu cores	: 8
apicid		: 69
initial apicid	: 37
fpu		: yes
fpu_exception	: yes
cpuid level	: 13
wp		: yes
flags		: fpu vme de pse tsc msr pae mce cx8 apic sep mtrr pge mca cmov pat pse36 clflush mmx fxsr sse sse2 ht syscall nx mmxext fxsr_opt pdpe1gb rdtscp lm constant_tsc rep_good nopl nonstop_tsc extd_apicid amd_dcm aperfmperf pni pclmulqdq monitor ssse3 fma cx16 sse4_1 sse4_2 popcnt aes xsave avx f16c lahf_lm cmp_legacy svm extapic cr8_legacy abm sse4a misalignsse 3dnowprefetch osvw ibs xop skinit wdt lwp fma4 tce nodeid_msr tbm topoext perfctr_core arat cpb npt lbrv svm_lock nrip_save tsc_scale vmcb_clean flushbyasid decodeassists pausefilter pfthreshold vmmcall bmi1
bogomips	: 4799.94
TLB size	: 1536 4K pages
clflush size	: 64
cache_alignment	: 64
address sizes	: 48 bits physical, 48 bits virtual
power management: ts ttp tm 100mhzsteps hwpstate cpb eff_freq_ro

processor	: 12
vendor_id	: AuthenticAMD
cpu family	: 21
model		: 2
model name	: AMD Opteron(tm) Processor 6378                 
stepping	: 0
microcode	: 0x6000832
cpu MHz		: 2400.025
cache size	: 2048 KB
physical id	: 0
siblings	: 16
core id		: 6
cpu cores	: 8
apicid		: 38
initial apicid	: 6
fpu		: yes
fpu_exception	: yes
cpuid level	: 13
wp		: yes
flags		: fpu vme de pse tsc msr pae mce cx8 apic sep mtrr pge mca cmov pat pse36 clflush mmx fxsr sse sse2 ht syscall nx mmxext fxsr_opt pdpe1gb rdtscp lm constant_tsc rep_good nopl nonstop_tsc extd_apicid amd_dcm aperfmperf pni pclmulqdq monitor ssse3 fma cx16 sse4_1 sse4_2 popcnt aes xsave avx f16c lahf_lm cmp_legacy svm extapic cr8_legacy abm sse4a misalignsse 3dnowprefetch osvw ibs xop skinit wdt lwp fma4 tce nodeid_msr tbm topoext perfctr_core arat cpb npt lbrv svm_lock nrip_save tsc_scale vmcb_clean flushbyasid decodeassists pausefilter pfthreshold vmmcall bmi1
bogomips	: 4799.93
TLB size	: 1536 4K pages
clflush size	: 64
cache_alignment	: 64
address sizes	: 48 bits physical, 48 bits virtual
power management: ts ttp tm 100mhzsteps hwpstate cpb eff_freq_ro

processor	: 13
vendor_id	: AuthenticAMD
cpu family	: 21
model		: 2
model name	: AMD Opteron(tm) Processor 6378                 
stepping	: 0
microcode	: 0x6000832
cpu MHz		: 2400.025
cache size	: 2048 KB
physical id	: 1
siblings	: 16
core id		: 6
cpu cores	: 8
apicid		: 70
initial apicid	: 38
fpu		: yes
fpu_exception	: yes
cpuid level	: 13
wp		: yes
flags		: fpu vme de pse tsc msr pae mce cx8 apic sep mtrr pge mca cmov pat pse36 clflush mmx fxsr sse sse2 ht syscall nx mmxext fxsr_opt pdpe1gb rdtscp lm constant_tsc rep_good nopl nonstop_tsc extd_apicid amd_dcm aperfmperf pni pclmulqdq monitor ssse3 fma cx16 sse4_1 sse4_2 popcnt aes xsave avx f16c lahf_lm cmp_legacy svm extapic cr8_legacy abm sse4a misalignsse 3dnowprefetch osvw ibs xop skinit wdt lwp fma4 tce nodeid_msr tbm topoext perfctr_core arat cpb npt lbrv svm_lock nrip_save tsc_scale vmcb_clean flushbyasid decodeassists pausefilter pfthreshold vmmcall bmi1
bogomips	: 4799.94
TLB size	: 1536 4K pages
clflush size	: 64
cache_alignment	: 64
address sizes	: 48 bits physical, 48 bits virtual
power management: ts ttp tm 100mhzsteps hwpstate cpb eff_freq_ro

processor	: 14
vendor_id	: AuthenticAMD
cpu family	: 21
model		: 2
model name	: AMD Opteron(tm) Processor 6378                 
stepping	: 0
microcode	: 0x6000832
cpu MHz		: 2400.025
cache size	: 2048 KB
physical id	: 0
siblings	: 16
core id		: 7
cpu cores	: 8
apicid		: 39
initial apicid	: 7
fpu		: yes
fpu_exception	: yes
cpuid level	: 13
wp		: yes
flags		: fpu vme de pse tsc msr pae mce cx8 apic sep mtrr pge mca cmov pat pse36 clflush mmx fxsr sse sse2 ht syscall nx mmxext fxsr_opt pdpe1gb rdtscp lm constant_tsc rep_good nopl nonstop_tsc extd_apicid amd_dcm aperfmperf pni pclmulqdq monitor ssse3 fma cx16 sse4_1 sse4_2 popcnt aes xsave avx f16c lahf_lm cmp_legacy svm extapic cr8_legacy abm sse4a misalignsse 3dnowprefetch osvw ibs xop skinit wdt lwp fma4 tce nodeid_msr tbm topoext perfctr_core arat cpb npt lbrv svm_lock nrip_save tsc_scale vmcb_clean flushbyasid decodeassists pausefilter pfthreshold vmmcall bmi1
bogomips	: 4799.94
TLB size	: 1536 4K pages
clflush size	: 64
cache_alignment	: 64
address sizes	: 48 bits physical, 48 bits virtual
power management: ts ttp tm 100mhzsteps hwpstate cpb eff_freq_ro

processor	: 15
vendor_id	: AuthenticAMD
cpu family	: 21
model		: 2
model name	: AMD Opteron(tm) Processor 6378                 
stepping	: 0
microcode	: 0x6000832
cpu MHz		: 2400.025
cache size	: 2048 KB
physical id	: 1
siblings	: 16
core id		: 7
cpu cores	: 8
apicid		: 71
initial apicid	: 39
fpu		: yes
fpu_exception	: yes
cpuid level	: 13
wp		: yes
flags		: fpu vme de pse tsc msr pae mce cx8 apic sep mtrr pge mca cmov pat pse36 clflush mmx fxsr sse sse2 ht syscall nx mmxext fxsr_opt pdpe1gb rdtscp lm constant_tsc rep_good nopl nonstop_tsc extd_apicid amd_dcm aperfmperf pni pclmulqdq monitor ssse3 fma cx16 sse4_1 sse4_2 popcnt aes xsave avx f16c lahf_lm cmp_legacy svm extapic cr8_legacy abm sse4a misalignsse 3dnowprefetch osvw ibs xop skinit wdt lwp fma4 tce nodeid_msr tbm topoext perfctr_core arat cpb npt lbrv svm_lock nrip_save tsc_scale vmcb_clean flushbyasid decodeassists pausefilter pfthreshold vmmcall bmi1
bogomips	: 4799.94
TLB size	: 1536 4K pages
clflush size	: 64
cache_alignment	: 64
address sizes	: 48 bits physical, 48 bits virtual
power management: ts ttp tm 100mhzsteps hwpstate cpb eff_freq_ro

processor	: 16
vendor_id	: AuthenticAMD
cpu family	: 21
model		: 2
model name	: AMD Opteron(tm) Processor 6378                 
stepping	: 0
microcode	: 0x6000832
cpu MHz		: 2400.025
cache size	: 2048 KB
physical id	: 0
siblings	: 16
core id		: 0
cpu cores	: 8
apicid		: 40
initial apicid	: 8
fpu		: yes
fpu_exception	: yes
cpuid level	: 13
wp		: yes
flags		: fpu vme de pse tsc msr pae mce cx8 apic sep mtrr pge mca cmov pat pse36 clflush mmx fxsr sse sse2 ht syscall nx mmxext fxsr_opt pdpe1gb rdtscp lm constant_tsc rep_good nopl nonstop_tsc extd_apicid amd_dcm aperfmperf pni pclmulqdq monitor ssse3 fma cx16 sse4_1 sse4_2 popcnt aes xsave avx f16c lahf_lm cmp_legacy svm extapic cr8_legacy abm sse4a misalignsse 3dnowprefetch osvw ibs xop skinit wdt lwp fma4 tce nodeid_msr tbm topoext perfctr_core arat cpb npt lbrv svm_lock nrip_save tsc_scale vmcb_clean flushbyasid decodeassists pausefilter pfthreshold vmmcall bmi1
bogomips	: 4799.94
TLB size	: 1536 4K pages
clflush size	: 64
cache_alignment	: 64
address sizes	: 48 bits physical, 48 bits virtual
power management: ts ttp tm 100mhzsteps hwpstate cpb eff_freq_ro

processor	: 17
vendor_id	: AuthenticAMD
cpu family	: 21
model		: 2
model name	: AMD Opteron(tm) Processor 6378                 
stepping	: 0
microcode	: 0x6000832
cpu MHz		: 2400.025
cache size	: 2048 KB
physical id	: 1
siblings	: 16
core id		: 0
cpu cores	: 8
apicid		: 72
initial apicid	: 40
fpu		: yes
fpu_exception	: yes
cpuid level	: 13
wp		: yes
flags		: fpu vme de pse tsc msr pae mce cx8 apic sep mtrr pge mca cmov pat pse36 clflush mmx fxsr sse sse2 ht syscall nx mmxext fxsr_opt pdpe1gb rdtscp lm constant_tsc rep_good nopl nonstop_tsc extd_apicid amd_dcm aperfmperf pni pclmulqdq monitor ssse3 fma cx16 sse4_1 sse4_2 popcnt aes xsave avx f16c lahf_lm cmp_legacy svm extapic cr8_legacy abm sse4a misalignsse 3dnowprefetch osvw ibs xop skinit wdt lwp fma4 tce nodeid_msr tbm topoext perfctr_core arat cpb npt lbrv svm_lock nrip_save tsc_scale vmcb_clean flushbyasid decodeassists pausefilter pfthreshold vmmcall bmi1
bogomips	: 4799.94
TLB size	: 1536 4K pages
clflush size	: 64
cache_alignment	: 64
address sizes	: 48 bits physical, 48 bits virtual
power management: ts ttp tm 100mhzsteps hwpstate cpb eff_freq_ro

processor	: 18
vendor_id	: AuthenticAMD
cpu family	: 21
model		: 2
model name	: AMD Opteron(tm) Processor 6378                 
stepping	: 0
microcode	: 0x6000832
cpu MHz		: 2400.025
cache size	: 2048 KB
physical id	: 0
siblings	: 16
core id		: 1
cpu cores	: 8
apicid		: 41
initial apicid	: 9
fpu		: yes
fpu_exception	: yes
cpuid level	: 13
wp		: yes
flags		: fpu vme de pse tsc msr pae mce cx8 apic sep mtrr pge mca cmov pat pse36 clflush mmx fxsr sse sse2 ht syscall nx mmxext fxsr_opt pdpe1gb rdtscp lm constant_tsc rep_good nopl nonstop_tsc extd_apicid amd_dcm aperfmperf pni pclmulqdq monitor ssse3 fma cx16 sse4_1 sse4_2 popcnt aes xsave avx f16c lahf_lm cmp_legacy svm extapic cr8_legacy abm sse4a misalignsse 3dnowprefetch osvw ibs xop skinit wdt lwp fma4 tce nodeid_msr tbm topoext perfctr_core arat cpb npt lbrv svm_lock nrip_save tsc_scale vmcb_clean flushbyasid decodeassists pausefilter pfthreshold vmmcall bmi1
bogomips	: 4799.94
TLB size	: 1536 4K pages
clflush size	: 64
cache_alignment	: 64
address sizes	: 48 bits physical, 48 bits virtual
power management: ts ttp tm 100mhzsteps hwpstate cpb eff_freq_ro

processor	: 19
vendor_id	: AuthenticAMD
cpu family	: 21
model		: 2
model name	: AMD Opteron(tm) Processor 6378                 
stepping	: 0
microcode	: 0x6000832
cpu MHz		: 2400.025
cache size	: 2048 KB
physical id	: 1
siblings	: 16
core id		: 1
cpu cores	: 8
apicid		: 73
initial apicid	: 41
fpu		: yes
fpu_exception	: yes
cpuid level	: 13
wp		: yes
flags		: fpu vme de pse tsc msr pae mce cx8 apic sep mtrr pge mca cmov pat pse36 clflush mmx fxsr sse sse2 ht syscall nx mmxext fxsr_opt pdpe1gb rdtscp lm constant_tsc rep_good nopl nonstop_tsc extd_apicid amd_dcm aperfmperf pni pclmulqdq monitor ssse3 fma cx16 sse4_1 sse4_2 popcnt aes xsave avx f16c lahf_lm cmp_legacy svm extapic cr8_legacy abm sse4a misalignsse 3dnowprefetch osvw ibs xop skinit wdt lwp fma4 tce nodeid_msr tbm topoext perfctr_core arat cpb npt lbrv svm_lock nrip_save tsc_scale vmcb_clean flushbyasid decodeassists pausefilter pfthreshold vmmcall bmi1
bogomips	: 4799.94
TLB size	: 1536 4K pages
clflush size	: 64
cache_alignment	: 64
address sizes	: 48 bits physical, 48 bits virtual
power management: ts ttp tm 100mhzsteps hwpstate cpb eff_freq_ro

processor	: 20
vendor_id	: AuthenticAMD
cpu family	: 21
model		: 2
model name	: AMD Opteron(tm) Processor 6378                 
stepping	: 0
microcode	: 0x6000832
cpu MHz		: 2400.025
cache size	: 2048 KB
physical id	: 0
siblings	: 16
core id		: 2
cpu cores	: 8
apicid		: 42
initial apicid	: 10
fpu		: yes
fpu_exception	: yes
cpuid level	: 13
wp		: yes
flags		: fpu vme de pse tsc msr pae mce cx8 apic sep mtrr pge mca cmov pat pse36 clflush mmx fxsr sse sse2 ht syscall nx mmxext fxsr_opt pdpe1gb rdtscp lm constant_tsc rep_good nopl nonstop_tsc extd_apicid amd_dcm aperfmperf pni pclmulqdq monitor ssse3 fma cx16 sse4_1 sse4_2 popcnt aes xsave avx f16c lahf_lm cmp_legacy svm extapic cr8_legacy abm sse4a misalignsse 3dnowprefetch osvw ibs xop skinit wdt lwp fma4 tce nodeid_msr tbm topoext perfctr_core arat cpb npt lbrv svm_lock nrip_save tsc_scale vmcb_clean flushbyasid decodeassists pausefilter pfthreshold vmmcall bmi1
bogomips	: 4799.93
TLB size	: 1536 4K pages
clflush size	: 64
cache_alignment	: 64
address sizes	: 48 bits physical, 48 bits virtual
power management: ts ttp tm 100mhzsteps hwpstate cpb eff_freq_ro

processor	: 21
vendor_id	: AuthenticAMD
cpu family	: 21
model		: 2
model name	: AMD Opteron(tm) Processor 6378                 
stepping	: 0
microcode	: 0x6000832
cpu MHz		: 2400.025
cache size	: 2048 KB
physical id	: 1
siblings	: 16
core id		: 2
cpu cores	: 8
apicid		: 74
initial apicid	: 42
fpu		: yes
fpu_exception	: yes
cpuid level	: 13
wp		: yes
flags		: fpu vme de pse tsc msr pae mce cx8 apic sep mtrr pge mca cmov pat pse36 clflush mmx fxsr sse sse2 ht syscall nx mmxext fxsr_opt pdpe1gb rdtscp lm constant_tsc rep_good nopl nonstop_tsc extd_apicid amd_dcm aperfmperf pni pclmulqdq monitor ssse3 fma cx16 sse4_1 sse4_2 popcnt aes xsave avx f16c lahf_lm cmp_legacy svm extapic cr8_legacy abm sse4a misalignsse 3dnowprefetch osvw ibs xop skinit wdt lwp fma4 tce nodeid_msr tbm topoext perfctr_core arat cpb npt lbrv svm_lock nrip_save tsc_scale vmcb_clean flushbyasid decodeassists pausefilter pfthreshold vmmcall bmi1
bogomips	: 4799.94
TLB size	: 1536 4K pages
clflush size	: 64
cache_alignment	: 64
address sizes	: 48 bits physical, 48 bits virtual
power management: ts ttp tm 100mhzsteps hwpstate cpb eff_freq_ro

processor	: 22
vendor_id	: AuthenticAMD
cpu family	: 21
model		: 2
model name	: AMD Opteron(tm) Processor 6378                 
stepping	: 0
microcode	: 0x6000832
cpu MHz		: 2400.025
cache size	: 2048 KB
physical id	: 0
siblings	: 16
core id		: 3
cpu cores	: 8
apicid		: 43
initial apicid	: 11
fpu		: yes
fpu_exception	: yes
cpuid level	: 13
wp		: yes
flags		: fpu vme de pse tsc msr pae mce cx8 apic sep mtrr pge mca cmov pat pse36 clflush mmx fxsr sse sse2 ht syscall nx mmxext fxsr_opt pdpe1gb rdtscp lm constant_tsc rep_good nopl nonstop_tsc extd_apicid amd_dcm aperfmperf pni pclmulqdq monitor ssse3 fma cx16 sse4_1 sse4_2 popcnt aes xsave avx f16c lahf_lm cmp_legacy svm extapic cr8_legacy abm sse4a misalignsse 3dnowprefetch osvw ibs xop skinit wdt lwp fma4 tce nodeid_msr tbm topoext perfctr_core arat cpb npt lbrv svm_lock nrip_save tsc_scale vmcb_clean flushbyasid decodeassists pausefilter pfthreshold vmmcall bmi1
bogomips	: 4799.94
TLB size	: 1536 4K pages
clflush size	: 64
cache_alignment	: 64
address sizes	: 48 bits physical, 48 bits virtual
power management: ts ttp tm 100mhzsteps hwpstate cpb eff_freq_ro

processor	: 23
vendor_id	: AuthenticAMD
cpu family	: 21
model		: 2
model name	: AMD Opteron(tm) Processor 6378                 
stepping	: 0
microcode	: 0x6000832
cpu MHz		: 2400.025
cache size	: 2048 KB
physical id	: 1
siblings	: 16
core id		: 3
cpu cores	: 8
apicid		: 75
initial apicid	: 43
fpu		: yes
fpu_exception	: yes
cpuid level	: 13
wp		: yes
flags		: fpu vme de pse tsc msr pae mce cx8 apic sep mtrr pge mca cmov pat pse36 clflush mmx fxsr sse sse2 ht syscall nx mmxext fxsr_opt pdpe1gb rdtscp lm constant_tsc rep_good nopl nonstop_tsc extd_apicid amd_dcm aperfmperf pni pclmulqdq monitor ssse3 fma cx16 sse4_1 sse4_2 popcnt aes xsave avx f16c lahf_lm cmp_legacy svm extapic cr8_legacy abm sse4a misalignsse 3dnowprefetch osvw ibs xop skinit wdt lwp fma4 tce nodeid_msr tbm topoext perfctr_core arat cpb npt lbrv svm_lock nrip_save tsc_scale vmcb_clean flushbyasid decodeassists pausefilter pfthreshold vmmcall bmi1
bogomips	: 4799.94
TLB size	: 1536 4K pages
clflush size	: 64
cache_alignment	: 64
address sizes	: 48 bits physical, 48 bits virtual
power management: ts ttp tm 100mhzsteps hwpstate cpb eff_freq_ro

processor	: 24
vendor_id	: AuthenticAMD
cpu family	: 21
model		: 2
model name	: AMD Opteron(tm) Processor 6378                 
stepping	: 0
microcode	: 0x6000832
cpu MHz		: 2400.025
cache size	: 2048 KB
physical id	: 0
siblings	: 16
core id		: 4
cpu cores	: 8
apicid		: 44
initial apicid	: 12
fpu		: yes
fpu_exception	: yes
cpuid level	: 13
wp		: yes
flags		: fpu vme de pse tsc msr pae mce cx8 apic sep mtrr pge mca cmov pat pse36 clflush mmx fxsr sse sse2 ht syscall nx mmxext fxsr_opt pdpe1gb rdtscp lm constant_tsc rep_good nopl nonstop_tsc extd_apicid amd_dcm aperfmperf pni pclmulqdq monitor ssse3 fma cx16 sse4_1 sse4_2 popcnt aes xsave avx f16c lahf_lm cmp_legacy svm extapic cr8_legacy abm sse4a misalignsse 3dnowprefetch osvw ibs xop skinit wdt lwp fma4 tce nodeid_msr tbm topoext perfctr_core arat cpb npt lbrv svm_lock nrip_save tsc_scale vmcb_clean flushbyasid decodeassists pausefilter pfthreshold vmmcall bmi1
bogomips	: 4799.94
TLB size	: 1536 4K pages
clflush size	: 64
cache_alignment	: 64
address sizes	: 48 bits physical, 48 bits virtual
power management: ts ttp tm 100mhzsteps hwpstate cpb eff_freq_ro

processor	: 25
vendor_id	: AuthenticAMD
cpu family	: 21
model		: 2
model name	: AMD Opteron(tm) Processor 6378                 
stepping	: 0
microcode	: 0x6000832
cpu MHz		: 2400.025
cache size	: 2048 KB
physical id	: 1
siblings	: 16
core id		: 4
cpu cores	: 8
apicid		: 76
initial apicid	: 44
fpu		: yes
fpu_exception	: yes
cpuid level	: 13
wp		: yes
flags		: fpu vme de pse tsc msr pae mce cx8 apic sep mtrr pge mca cmov pat pse36 clflush mmx fxsr sse sse2 ht syscall nx mmxext fxsr_opt pdpe1gb rdtscp lm constant_tsc rep_good nopl nonstop_tsc extd_apicid amd_dcm aperfmperf pni pclmulqdq monitor ssse3 fma cx16 sse4_1 sse4_2 popcnt aes xsave avx f16c lahf_lm cmp_legacy svm extapic cr8_legacy abm sse4a misalignsse 3dnowprefetch osvw ibs xop skinit wdt lwp fma4 tce nodeid_msr tbm topoext perfctr_core arat cpb npt lbrv svm_lock nrip_save tsc_scale vmcb_clean flushbyasid decodeassists pausefilter pfthreshold vmmcall bmi1
bogomips	: 4799.95
TLB size	: 1536 4K pages
clflush size	: 64
cache_alignment	: 64
address sizes	: 48 bits physical, 48 bits virtual
power management: ts ttp tm 100mhzsteps hwpstate cpb eff_freq_ro

processor	: 26
vendor_id	: AuthenticAMD
cpu family	: 21
model		: 2
model name	: AMD Opteron(tm) Processor 6378                 
stepping	: 0
microcode	: 0x6000832
cpu MHz		: 2400.025
cache size	: 2048 KB
physical id	: 0
siblings	: 16
core id		: 5
cpu cores	: 8
apicid		: 45
initial apicid	: 13
fpu		: yes
fpu_exception	: yes
cpuid level	: 13
wp		: yes
flags		: fpu vme de pse tsc msr pae mce cx8 apic sep mtrr pge mca cmov pat pse36 clflush mmx fxsr sse sse2 ht syscall nx mmxext fxsr_opt pdpe1gb rdtscp lm constant_tsc rep_good nopl nonstop_tsc extd_apicid amd_dcm aperfmperf pni pclmulqdq monitor ssse3 fma cx16 sse4_1 sse4_2 popcnt aes xsave avx f16c lahf_lm cmp_legacy svm extapic cr8_legacy abm sse4a misalignsse 3dnowprefetch osvw ibs xop skinit wdt lwp fma4 tce nodeid_msr tbm topoext perfctr_core arat cpb npt lbrv svm_lock nrip_save tsc_scale vmcb_clean flushbyasid decodeassists pausefilter pfthreshold vmmcall bmi1
bogomips	: 4799.94
TLB size	: 1536 4K pages
clflush size	: 64
cache_alignment	: 64
address sizes	: 48 bits physical, 48 bits virtual
power management: ts ttp tm 100mhzsteps hwpstate cpb eff_freq_ro

processor	: 27
vendor_id	: AuthenticAMD
cpu family	: 21
model		: 2
model name	: AMD Opteron(tm) Processor 6378                 
stepping	: 0
microcode	: 0x6000832
cpu MHz		: 2400.025
cache size	: 2048 KB
physical id	: 1
siblings	: 16
core id		: 5
cpu cores	: 8
apicid		: 77
initial apicid	: 45
fpu		: yes
fpu_exception	: yes
cpuid level	: 13
wp		: yes
flags		: fpu vme de pse tsc msr pae mce cx8 apic sep mtrr pge mca cmov pat pse36 clflush mmx fxsr sse sse2 ht syscall nx mmxext fxsr_opt pdpe1gb rdtscp lm constant_tsc rep_good nopl nonstop_tsc extd_apicid amd_dcm aperfmperf pni pclmulqdq monitor ssse3 fma cx16 sse4_1 sse4_2 popcnt aes xsave avx f16c lahf_lm cmp_legacy svm extapic cr8_legacy abm sse4a misalignsse 3dnowprefetch osvw ibs xop skinit wdt lwp fma4 tce nodeid_msr tbm topoext perfctr_core arat cpb npt lbrv svm_lock nrip_save tsc_scale vmcb_clean flushbyasid decodeassists pausefilter pfthreshold vmmcall bmi1
bogomips	: 4799.94
TLB size	: 1536 4K pages
clflush size	: 64
cache_alignment	: 64
address sizes	: 48 bits physical, 48 bits virtual
power management: ts ttp tm 100mhzsteps hwpstate cpb eff_freq_ro

processor	: 28
vendor_id	: AuthenticAMD
cpu family	: 21
model		: 2
model name	: AMD Opteron(tm) Processor 6378                 
stepping	: 0
microcode	: 0x6000832
cpu MHz		: 2400.025
cache size	: 2048 KB
physical id	: 0
siblings	: 16
core id		: 6
cpu cores	: 8
apicid		: 46
initial apicid	: 14
fpu		: yes
fpu_exception	: yes
cpuid level	: 13
wp		: yes
flags		: fpu vme de pse tsc msr pae mce cx8 apic sep mtrr pge mca cmov pat pse36 clflush mmx fxsr sse sse2 ht syscall nx mmxext fxsr_opt pdpe1gb rdtscp lm constant_tsc rep_good nopl nonstop_tsc extd_apicid amd_dcm aperfmperf pni pclmulqdq monitor ssse3 fma cx16 sse4_1 sse4_2 popcnt aes xsave avx f16c lahf_lm cmp_legacy svm extapic cr8_legacy abm sse4a misalignsse 3dnowprefetch osvw ibs xop skinit wdt lwp fma4 tce nodeid_msr tbm topoext perfctr_core arat cpb npt lbrv svm_lock nrip_save tsc_scale vmcb_clean flushbyasid decodeassists pausefilter pfthreshold vmmcall bmi1
bogomips	: 4799.94
TLB size	: 1536 4K pages
clflush size	: 64
cache_alignment	: 64
address sizes	: 48 bits physical, 48 bits virtual
power management: ts ttp tm 100mhzsteps hwpstate cpb eff_freq_ro

processor	: 29
vendor_id	: AuthenticAMD
cpu family	: 21
model		: 2
model name	: AMD Opteron(tm) Processor 6378                 
stepping	: 0
microcode	: 0x6000832
cpu MHz		: 2400.025
cache size	: 2048 KB
physical id	: 1
siblings	: 16
core id		: 6
cpu cores	: 8
apicid		: 78
initial apicid	: 46
fpu		: yes
fpu_exception	: yes
cpuid level	: 13
wp		: yes
flags		: fpu vme de pse tsc msr pae mce cx8 apic sep mtrr pge mca cmov pat pse36 clflush mmx fxsr sse sse2 ht syscall nx mmxext fxsr_opt pdpe1gb rdtscp lm constant_tsc rep_good nopl nonstop_tsc extd_apicid amd_dcm aperfmperf pni pclmulqdq monitor ssse3 fma cx16 sse4_1 sse4_2 popcnt aes xsave avx f16c lahf_lm cmp_legacy svm extapic cr8_legacy abm sse4a misalignsse 3dnowprefetch osvw ibs xop skinit wdt lwp fma4 tce nodeid_msr tbm topoext perfctr_core arat cpb npt lbrv svm_lock nrip_save tsc_scale vmcb_clean flushbyasid decodeassists pausefilter pfthreshold vmmcall bmi1
bogomips	: 4799.94
TLB size	: 1536 4K pages
clflush size	: 64
cache_alignment	: 64
address sizes	: 48 bits physical, 48 bits virtual
power management: ts ttp tm 100mhzsteps hwpstate cpb eff_freq_ro

processor	: 30
vendor_id	: AuthenticAMD
cpu family	: 21
model		: 2
model name	: AMD Opteron(tm) Processor 6378                 
stepping	: 0
microcode	: 0x6000832
cpu MHz		: 2400.025
cache size	: 2048 KB
physical id	: 0
siblings	: 16
core id		: 7
cpu cores	: 8
apicid		: 47
initial apicid	: 15
fpu		: yes
fpu_exception	: yes
cpuid level	: 13
wp		: yes
flags		: fpu vme de pse tsc msr pae mce cx8 apic sep mtrr pge mca cmov pat pse36 clflush mmx fxsr sse sse2 ht syscall nx mmxext fxsr_opt pdpe1gb rdtscp lm constant_tsc rep_good nopl nonstop_tsc extd_apicid amd_dcm aperfmperf pni pclmulqdq monitor ssse3 fma cx16 sse4_1 sse4_2 popcnt aes xsave avx f16c lahf_lm cmp_legacy svm extapic cr8_legacy abm sse4a misalignsse 3dnowprefetch osvw ibs xop skinit wdt lwp fma4 tce nodeid_msr tbm topoext perfctr_core arat cpb npt lbrv svm_lock nrip_save tsc_scale vmcb_clean flushbyasid decodeassists pausefilter pfthreshold vmmcall bmi1
bogomips	: 4799.31
TLB size	: 1536 4K pages
clflush size	: 64
cache_alignment	: 64
address sizes	: 48 bits physical, 48 bits virtual
power management: ts ttp tm 100mhzsteps hwpstate cpb eff_freq_ro

processor	: 31
vendor_id	: AuthenticAMD
cpu family	: 21
model		: 2
model name	: AMD Opteron(tm) Processor 6378                 
stepping	: 0
microcode	: 0x6000832
cpu MHz		: 2400.025
cache size	: 2048 KB
physical id	: 1
siblings	: 16
core id		: 7
cpu cores	: 8
apicid		: 79
initial apicid	: 47
fpu		: yes
fpu_exception	: yes
cpuid level	: 13
wp		: yes
flags		: fpu vme de pse tsc msr pae mce cx8 apic sep mtrr pge mca cmov pat pse36 clflush mmx fxsr sse sse2 ht syscall nx mmxext fxsr_opt pdpe1gb rdtscp lm constant_tsc rep_good nopl nonstop_tsc extd_apicid amd_dcm aperfmperf pni pclmulqdq monitor ssse3 fma cx16 sse4_1 sse4_2 popcnt aes xsave avx f16c lahf_lm cmp_legacy svm extapic cr8_legacy abm sse4a misalignsse 3dnowprefetch osvw ibs xop skinit wdt lwp fma4 tce nodeid_msr tbm topoext perfctr_core arat cpb npt lbrv svm_lock nrip_save tsc_scale vmcb_clean flushbyasid decodeassists pausefilter pfthreshold vmmcall bmi1
bogomips	: 4799.94
TLB size	: 1536 4K pages
clflush size	: 64
cache_alignment	: 64
address sizes	: 48 bits physical, 48 bits virtual
power management: ts ttp tm 100mhzsteps hwpstate cpb eff_freq_ro



Memory: 4k page, physical 264041624k(190221504k free), swap 4194300k(4160984k free)

vm_info: Java HotSpot(TM) 64-Bit Server VM (25.74-b02) for linux-amd64 JRE (1.8.0_74-b02), built on Jan 29 2016 19:20:56 by "java_re" with gcc 4.3.0 20080428 (Red Hat 4.3.0-8)

time: Sat Jan 21 11:56:24 2017
elapsed time: 0 seconds (0d 0h 0m 0s)

