Could not contact display on 
No sensible DISPLAY could be found.  Packages requiring X will not work
NOTE:  YOUR R SESSION WILL BE KILLED IF IT HAS NOT EXITED WITHIN 8 HOURS

Job <1724372> is submitted to queue <yesterday>.
<<Waiting for dispatch ...>>
<<Starting on bc-27-3-16>>
Error in file(file, "rt") : cannot open the connection
Calls: head -> read.csv -> read.table -> file
In addition: Warning message:
In file(file, "rt") :
  cannot open file '../../analysis_files/t_final.txt': No such file or directory
Execution halted
Registering fonts with R
Abyssinica SIL already registered with pdfFonts().
cmex10 already registered with pdfFonts().
cmmi10 already registered with pdfFonts().
cmr10 already registered with pdfFonts().
cmsy10 already registered with pdfFonts().
No regular (non-bold, non-italic) version of DejaVu Serif. Skipping setup for this font.
No regular (non-bold, non-italic) version of DejaVu Serif Condensed. Skipping setup for this font.
Droid Sans Ethiopic already registered with pdfFonts().
Droid Sans Fallback already registered with pdfFonts().
No regular (non-bold, non-italic) version of Droid Serif. Skipping setup for this font.
No regular (non-bold, non-italic) version of FreeSerif. Skipping setup for this font.
KacstArt already registered with pdfFonts().
KacstBook already registered with pdfFonts().
KacstDecorative already registered with pdfFonts().
KacstDigital already registered with pdfFonts().
KacstFarsi already registered with pdfFonts().
KacstLetter already registered with pdfFonts().
KacstNaskh already registered with pdfFonts().
KacstOffice already registered with pdfFonts().
KacstOne already registered with pdfFonts().
KacstPen already registered with pdfFonts().
KacstPoster already registered with pdfFonts().
KacstQurn already registered with pdfFonts().
KacstScreen already registered with pdfFonts().
KacstTitle already registered with pdfFonts().
KacstTitleL already registered with pdfFonts().
No regular (non-bold, non-italic) version of Kinnari. Skipping setup for this font.
No regular (non-bold, non-italic) version of Liberation Mono. Skipping setup for this font.
No regular (non-bold, non-italic) version of Liberation Sans. Skipping setup for this font.
No regular (non-bold, non-italic) version of Liberation Sans Narrow. Skipping setup for this font.
No regular (non-bold, non-italic) version of Liberation Serif. Skipping setup for this font.
mry_KacstQurn already registered with pdfFonts().
NanumBarunGothic already registered with pdfFonts().
NanumGothic already registered with pdfFonts().
No regular (non-bold, non-italic) version of Norasi. Skipping setup for this font.
Rachana already registered with pdfFonts().
TakaoPGothic already registered with pdfFonts().
Tibetan Machine Uni already registered with pdfFonts().
CM Roman already registered with pdfFonts().
CM Roman Asian already registered with pdfFonts().
CM Roman CE already registered with pdfFonts().
CM Roman Cyrillic already registered with pdfFonts().
CM Roman Greek already registered with pdfFonts().
CM Sans already registered with pdfFonts().
CM Sans Asian already registered with pdfFonts().
CM Sans CE already registered with pdfFonts().
CM Sans Cyrillic already registered with pdfFonts().
CM Sans Greek already registered with pdfFonts().
CM Symbol already registered with pdfFonts().
CM Typewriter already registered with pdfFonts().
CM Typewriter Asian already registered with pdfFonts().
CM Typewriter CE already registered with pdfFonts().
CM Typewriter Cyrillic already registered with pdfFonts().
CM Typewriter Greek already registered with pdfFonts().
null device 
          1 
Registering fonts with R
Abyssinica SIL already registered with pdfFonts().
cmex10 already registered with pdfFonts().
cmmi10 already registered with pdfFonts().
cmr10 already registered with pdfFonts().
cmsy10 already registered with pdfFonts().
No regular (non-bold, non-italic) version of DejaVu Serif. Skipping setup for this font.
No regular (non-bold, non-italic) version of DejaVu Serif Condensed. Skipping setup for this font.
Droid Sans Ethiopic already registered with pdfFonts().
Droid Sans Fallback already registered with pdfFonts().
No regular (non-bold, non-italic) version of Droid Serif. Skipping setup for this font.
No regular (non-bold, non-italic) version of FreeSerif. Skipping setup for this font.
KacstArt already registered with pdfFonts().
KacstBook already registered with pdfFonts().
KacstDecorative already registered with pdfFonts().
KacstDigital already registered with pdfFonts().
KacstFarsi already registered with pdfFonts().
KacstLetter already registered with pdfFonts().
KacstNaskh already registered with pdfFonts().
KacstOffice already registered with pdfFonts().
KacstOne already registered with pdfFonts().
KacstPen already registered with pdfFonts().
KacstPoster already registered with pdfFonts().
KacstQurn already registered with pdfFonts().
KacstScreen already registered with pdfFonts().
KacstTitle already registered with pdfFonts().
KacstTitleL already registered with pdfFonts().
No regular (non-bold, non-italic) version of Kinnari. Skipping setup for this font.
No regular (non-bold, non-italic) version of Liberation Mono. Skipping setup for this font.
No regular (non-bold, non-italic) version of Liberation Sans. Skipping setup for this font.
No regular (non-bold, non-italic) version of Liberation Sans Narrow. Skipping setup for this font.
No regular (non-bold, non-italic) version of Liberation Serif. Skipping setup for this font.
mry_KacstQurn already registered with pdfFonts().
NanumBarunGothic already registered with pdfFonts().
NanumGothic already registered with pdfFonts().
No regular (non-bold, non-italic) version of Norasi. Skipping setup for this font.
Rachana already registered with pdfFonts().
TakaoPGothic already registered with pdfFonts().
Tibetan Machine Uni already registered with pdfFonts().
CM Roman already registered with pdfFonts().
CM Roman Asian already registered with pdfFonts().
CM Roman CE already registered with pdfFonts().
CM Roman Cyrillic already registered with pdfFonts().
CM Roman Greek already registered with pdfFonts().
CM Sans already registered with pdfFonts().
CM Sans Asian already registered with pdfFonts().
CM Sans CE already registered with pdfFonts().
CM Sans Cyrillic already registered with pdfFonts().
CM Sans Greek already registered with pdfFonts().
CM Symbol already registered with pdfFonts().
CM Typewriter already registered with pdfFonts().
CM Typewriter Asian already registered with pdfFonts().
CM Typewriter CE already registered with pdfFonts().
CM Typewriter Cyrillic already registered with pdfFonts().
CM Typewriter Greek already registered with pdfFonts().
0.960704573202627: 0.745014239016154

There were 50 or more warnings (use warnings() to see the first 50)
Execution halted
Registering fonts with R
Abyssinica SIL already registered with pdfFonts().
cmex10 already registered with pdfFonts().
cmmi10 already registered with pdfFonts().
cmr10 already registered with pdfFonts().
cmsy10 already registered with pdfFonts().
No regular (non-bold, non-italic) version of DejaVu Serif. Skipping setup for this font.
No regular (non-bold, non-italic) version of DejaVu Serif Condensed. Skipping setup for this font.
Droid Sans Ethiopic already registered with pdfFonts().
Droid Sans Fallback already registered with pdfFonts().
No regular (non-bold, non-italic) version of Droid Serif. Skipping setup for this font.
No regular (non-bold, non-italic) version of FreeSerif. Skipping setup for this font.
KacstArt already registered with pdfFonts().
KacstBook already registered with pdfFonts().
KacstDecorative already registered with pdfFonts().
KacstDigital already registered with pdfFonts().
KacstFarsi already registered with pdfFonts().
KacstLetter already registered with pdfFonts().
KacstNaskh already registered with pdfFonts().
KacstOffice already registered with pdfFonts().
KacstOne already registered with pdfFonts().
KacstPen already registered with pdfFonts().
KacstPoster already registered with pdfFonts().
KacstQurn already registered with pdfFonts().
KacstScreen already registered with pdfFonts().
KacstTitle already registered with pdfFonts().
KacstTitleL already registered with pdfFonts().
No regular (non-bold, non-italic) version of Kinnari. Skipping setup for this font.
No regular (non-bold, non-italic) version of Liberation Mono. Skipping setup for this font.
No regular (non-bold, non-italic) version of Liberation Sans. Skipping setup for this font.
No regular (non-bold, non-italic) version of Liberation Sans Narrow. Skipping setup for this font.
No regular (non-bold, non-italic) version of Liberation Serif. Skipping setup for this font.
mry_KacstQurn already registered with pdfFonts().
NanumBarunGothic already registered with pdfFonts().
NanumGothic already registered with pdfFonts().
No regular (non-bold, non-italic) version of Norasi. Skipping setup for this font.
Rachana already registered with pdfFonts().
TakaoPGothic already registered with pdfFonts().
Tibetan Machine Uni already registered with pdfFonts().
CM Roman already registered with pdfFonts().
CM Roman Asian already registered with pdfFonts().
CM Roman CE already registered with pdfFonts().
CM Roman Cyrillic already registered with pdfFonts().
CM Roman Greek already registered with pdfFonts().
CM Sans already registered with pdfFonts().
CM Sans Asian already registered with pdfFonts().
CM Sans CE already registered with pdfFonts().
CM Sans Cyrillic already registered with pdfFonts().
CM Sans Greek already registered with pdfFonts().
CM Symbol already registered with pdfFonts().
CM Typewriter already registered with pdfFonts().
CM Typewriter Asian already registered with pdfFonts().
CM Typewriter CE already registered with pdfFonts().
CM Typewriter Cyrillic already registered with pdfFonts().
CM Typewriter Greek already registered with pdfFonts().
0.929132711899078: 0.720530660110127
0.911031082471583: 0.706493075561195
0.578337043073587: 0.448493058177047
0.228050445373008: 0.176850234459154
0.0725038550067415: 0.0562258220375851
null device 
          1 
Registering fonts with R
Abyssinica SIL already registered with pdfFonts().
cmex10 already registered with pdfFonts().
cmmi10 already registered with pdfFonts().
cmr10 already registered with pdfFonts().
cmsy10 already registered with pdfFonts().
No regular (non-bold, non-italic) version of DejaVu Serif. Skipping setup for this font.
No regular (non-bold, non-italic) version of DejaVu Serif Condensed. Skipping setup for this font.
Droid Sans Ethiopic already registered with pdfFonts().
Droid Sans Fallback already registered with pdfFonts().
No regular (non-bold, non-italic) version of Droid Serif. Skipping setup for this font.
No regular (non-bold, non-italic) version of FreeSerif. Skipping setup for this font.
KacstArt already registered with pdfFonts().
KacstBook already registered with pdfFonts().
KacstDecorative already registered with pdfFonts().
KacstDigital already registered with pdfFonts().
KacstFarsi already registered with pdfFonts().
KacstLetter already registered with pdfFonts().
KacstNaskh already registered with pdfFonts().
KacstOffice already registered with pdfFonts().
KacstOne already registered with pdfFonts().
KacstPen already registered with pdfFonts().
KacstPoster already registered with pdfFonts().
KacstQurn already registered with pdfFonts().
KacstScreen already registered with pdfFonts().
KacstTitle already registered with pdfFonts().
KacstTitleL already registered with pdfFonts().
No regular (non-bold, non-italic) version of Kinnari. Skipping setup for this font.
No regular (non-bold, non-italic) version of Liberation Mono. Skipping setup for this font.
No regular (non-bold, non-italic) version of Liberation Sans. Skipping setup for this font.
No regular (non-bold, non-italic) version of Liberation Sans Narrow. Skipping setup for this font.
No regular (non-bold, non-italic) version of Liberation Serif. Skipping setup for this font.
mry_KacstQurn already registered with pdfFonts().
NanumBarunGothic already registered with pdfFonts().
NanumGothic already registered with pdfFonts().
No regular (non-bold, non-italic) version of Norasi. Skipping setup for this font.
Rachana already registered with pdfFonts().
TakaoPGothic already registered with pdfFonts().
Tibetan Machine Uni already registered with pdfFonts().
CM Roman already registered with pdfFonts().
CM Roman Asian already registered with pdfFonts().
CM Roman CE already registered with pdfFonts().
CM Roman Cyrillic already registered with pdfFonts().
CM Roman Greek already registered with pdfFonts().
CM Sans already registered with pdfFonts().
CM Sans Asian already registered with pdfFonts().
CM Sans CE already registered with pdfFonts().
CM Sans Cyrillic already registered with pdfFonts().
CM Sans Greek already registered with pdfFonts().
CM Symbol already registered with pdfFonts().
CM Typewriter already registered with pdfFonts().
CM Typewriter Asian already registered with pdfFonts().
CM Typewriter CE already registered with pdfFonts().
CM Typewriter Cyrillic already registered with pdfFonts().
CM Typewriter Greek already registered with pdfFonts().
0.670048431485381: 0.0539161420040309
0.257891444840178: 0.0207515025903483
0.0862082687867868: 0.00693683776190061
0.0234325353034434: 0.0018855232570789
0.00652028613844463: 0.000524661586876598
null device 
          1 
